{"name": "test_foo[3-1]", "status": "failed", "statusDetails": {"message": "AssertionError: assert 1 == 3", "trace": "x = 1, y = 3\n\n    @allure.feature('test feature')\n    @allure.severity('Minor')\n    @allure.issue('jira link3')\n    @allure.testcase('https://testrail.ru/3')\n    #Вложенная параметризация\n    @pytest.mark.parametrize('x', [0,1])\n    @pytest.mark.parametrize('y', [2,3])\n    def test_foo(x,y):\n>       assert  x == y\nE       assert 1 == 3\n\nmain.py:67: AssertionError"}, "parameters": [{"name": "y", "value": "3"}, {"name": "x", "value": "1"}], "start": 1659172499045, "stop": 1659172499045, "uuid": "1d1f4fa2-d62f-45b4-8760-546110e301e8", "historyId": "22196ed4da9868d4b19f2d8f607e02e2", "testCaseId": "526d577031aefc12bfe891bf0bd6f968", "fullName": "main#test_foo", "labels": [{"name": "feature", "value": "test feature"}, {"name": "severity", "value": "Minor"}, {"name": "suite", "value": "main"}, {"name": "host", "value": "MacBook-Pro-Eugene.local"}, {"name": "thread", "value": "3851-MainThread"}, {"name": "framework", "value": "pytest"}, {"name": "language", "value": "cpython3"}, {"name": "package", "value": "main"}], "links": [{"type": "test_case", "url": "https://testrail.ru/3", "name": "https://testrail.ru/3"}, {"type": "issue", "url": "jira link3", "name": "jira link3"}]}