{"name": "test_parametrize_with_mark_single[2]", "status": "failed", "statusDetails": {"message": "AssertionError: assert 2 == 3", "trace": "test_input = 2\n\n    @pytest.mark.parametrize('test_input', [1,2,3])\n    def test_parametrize_with_mark_single(test_input):\n>       assert test_input==3\nE       assert 2 == 3\n\nmain.py:31: AssertionError"}, "parameters": [{"name": "test_input", "value": "2"}], "start": 1659171729124, "stop": 1659171729124, "uuid": "f1c23e04-03bb-4d17-896b-79c702224c6d", "historyId": "f18f6906a9673f546b0448526d1b2c61", "testCaseId": "2f107c559c15d4bd837089d802a4e3ea", "fullName": "main#test_parametrize_with_mark_single", "labels": [{"name": "suite", "value": "main"}, {"name": "host", "value": "MacBook-Pro-Eugene.local"}, {"name": "thread", "value": "3652-MainThread"}, {"name": "framework", "value": "pytest"}, {"name": "language", "value": "cpython3"}, {"name": "package", "value": "main"}]}