{"name": "test_parametrize_with_mark_single[1]", "status": "failed", "statusDetails": {"message": "AssertionError: assert 1 == 3", "trace": "test_input = 1\n\n    @pytest.mark.parametrize('test_input', [1,2,3])\n    def test_parametrize_with_mark_single(test_input):\n>       assert test_input==3\nE       assert 1 == 3\n\nmain.py:31: AssertionError"}, "parameters": [{"name": "test_input", "value": "1"}], "start": 1659171729115, "stop": 1659171729115, "uuid": "1d2fae78-bfdf-4caf-a801-e5c423ae3c79", "historyId": "8b7457915e06bc29cfea6b865d0f0125", "testCaseId": "2f107c559c15d4bd837089d802a4e3ea", "fullName": "main#test_parametrize_with_mark_single", "labels": [{"name": "suite", "value": "main"}, {"name": "host", "value": "MacBook-Pro-Eugene.local"}, {"name": "thread", "value": "3652-MainThread"}, {"name": "framework", "value": "pytest"}, {"name": "language", "value": "cpython3"}, {"name": "package", "value": "main"}]}