{"name": "test_parametrize_with_multiply_mark[five by five]", "status": "failed", "statusDetails": {"message": "AssertionError: assert 25 == 30\n +  where 25 = eval('5*5')", "trace": "test_input = '5*5', expected = 30\n\n    @pytest.mark.parametrize(\"test_input, expected\", [(\"3+5\",  8), ('6+9', 15), ('5*5', 30)],\n                             ids= ['Three plus five', 'six plus nine', 'five by five'])\n    def test_parametrize_with_multiply_mark(test_input, expected):\n>       assert eval(test_input) == expected\nE       AssertionError: assert 25 == 30\nE        +  where 25 = eval('5*5')\n\nmain.py:37: AssertionError"}, "parameters": [{"name": "test_input", "value": "'5*5'"}, {"name": "expected", "value": "30"}], "start": 1659171729138, "stop": 1659171729139, "uuid": "9bcb5325-9c2a-431b-8341-8d6986c1c407", "historyId": "e50864d7f8f7a20cf368abb9e264c736", "testCaseId": "496837beeb58ea66942cd1aea8476199", "fullName": "main#test_parametrize_with_multiply_mark", "labels": [{"name": "suite", "value": "main"}, {"name": "host", "value": "MacBook-Pro-Eugene.local"}, {"name": "thread", "value": "3652-MainThread"}, {"name": "framework", "value": "pytest"}, {"name": "language", "value": "cpython3"}, {"name": "package", "value": "main"}]}